── Attaching core tidyverse packages ──────────────────────── tidyverse 2.0.0 ──
✔ dplyr     1.1.4     ✔ readr     2.1.4
✔ forcats   1.0.0     ✔ stringr   1.5.1
✔ ggplot2   3.4.4     ✔ tibble    3.2.1
✔ lubridate 1.9.3     ✔ tidyr     1.3.0
✔ purrr     1.0.2     
── Conflicts ────────────────────────────────────────── tidyverse_conflicts() ──
✖ dplyr::filter() masks stats::filter()
✖ dplyr::lag()    masks stats::lag()
ℹ Use the conflicted package (<http://conflicted.r-lib.org/>) to force all conflicts to become errors
## number of individuals: 356 
## number of genes/sites: 2457 
## number of covariates: 2 
# fitting binomial mixed model ... 

warning: solve(): system is singular; attempting approx solution

warning: solve(): system is singular; attempting approx solution

warning: solve(): system is singular; attempting approx solution

warning: solve(): system is singular (rcond: 3.07763e-17); attempting approx solution

warning: solve(): system is singular (rcond: 2.15272e-17); attempting approx solution

warning: solve(): system is singular; attempting approx solution

warning: solve(): system is singular (rcond: 7.04735e-17); attempting approx solution

warning: solve(): system is singular (rcond: 2.81406e-17); attempting approx solution

warning: solve(): system is singular; attempting approx solution

warning: solve(): system is singular (rcond: 5.23124e-17); attempting approx solution

warning: solve(): system is singular (rcond: 1.25892e-16); attempting approx solution

warning: solve(): system is singular (rcond: 2.20259e-16); attempting approx solution

warning: solve(): system is singular; attempting approx solution

warning: solve(): system is singular; attempting approx solution

warning: solve(): system is singular; attempting approx solution

warning: solve(): system is singular (rcond: 5.36394e-17); attempting approx solution

warning: solve(): system is singular (rcond: 1.73194e-16); attempting approx solution

warning: solve(): system is singular; attempting approx solution

warning: solve(): system is singular (rcond: 1.61451e-16); attempting approx solution

warning: solve(): system is singular; attempting approx solution

warning: solve(): system is singular; attempting approx solution

warning: solve(): system is singular (rcond: 2.09145e-16); attempting approx solution

warning: solve(): system is singular; attempting approx solution

warning: solve(): system is singular; attempting approx solution

warning: solve(): system is singular; attempting approx solution

warning: solve(): system is singular; attempting approx solution

warning: solve(): system is singular; attempting approx solution

warning: solve(): system is singular; attempting approx solution

warning: solve(): system is singular; attempting approx solution

warning: solve(): system is singular; attempting approx solution

warning: solve(): system is singular; attempting approx solution

warning: solve(): system is singular; attempting approx solution

warning: solve(): system is singular; attempting approx solution

warning: solve(): system is singular; attempting approx solution

warning: solve(): system is singular; attempting approx solution

warning: solve(): system is singular; attempting approx solution

warning: solve(): system is singular; attempting approx solution

warning: solve(): system is singular; attempting approx solution

warning: solve(): system is singular; attempting approx solution
