── Attaching core tidyverse packages ──────────────────────── tidyverse 2.0.0 ──
✔ dplyr     1.1.4     ✔ readr     2.1.4
✔ forcats   1.0.0     ✔ stringr   1.5.1
✔ ggplot2   4.0.1     ✔ tibble    3.2.1
✔ lubridate 1.9.3     ✔ tidyr     1.3.0
✔ purrr     1.0.2     
── Conflicts ────────────────────────────────────────── tidyverse_conflicts() ──
✖ dplyr::filter() masks stats::filter()
✖ dplyr::lag()    masks stats::lag()
ℹ Use the conflicted package (<http://conflicted.r-lib.org/>) to force all conflicts to become errors
[2026-02-04T16:10:03.560] error: slurm_get_node_energy: Socket timed out on send/recv operation
[2026-02-04T16:10:03.571] error: _get_joules_task: can't get info from slurmd
[2026-02-04T16:12:03.562] error: slurm_get_node_energy: Socket timed out on send/recv operation
[2026-02-04T16:12:03.573] error: _get_joules_task: can't get info from slurmd
[2026-02-04T16:14:03.561] error: slurm_get_node_energy: Socket timed out on send/recv operation
[2026-02-04T16:14:03.572] error: _get_joules_task: can't get info from slurmd
[2026-02-04T16:16:03.563] error: slurm_get_node_energy: Socket timed out on send/recv operation
[2026-02-04T16:16:03.574] error: _get_joules_task: can't get info from slurmd
[2026-02-04T16:19:03.560] error: slurm_get_node_energy: Socket timed out on send/recv operation
[2026-02-04T16:19:03.571] error: _get_joules_task: can't get info from slurmd
[2026-02-04T16:21:03.560] error: slurm_get_node_energy: Socket timed out on send/recv operation
[2026-02-04T16:21:03.571] error: _get_joules_task: can't get info from slurmd
[2026-02-04T16:23:03.560] error: slurm_get_node_energy: Socket timed out on send/recv operation
[2026-02-04T16:23:03.571] error: _get_joules_task: can't get info from slurmd
[2026-02-04T16:27:03.563] error: slurm_get_node_energy: Socket timed out on send/recv operation
[2026-02-04T16:27:03.574] error: _get_joules_task: can't get info from slurmd
[2026-02-04T16:29:03.560] error: slurm_get_node_energy: Socket timed out on send/recv operation
[2026-02-04T16:29:03.571] error: _get_joules_task: can't get info from slurmd
[2026-02-04T16:31:03.561] error: slurm_get_node_energy: Socket timed out on send/recv operation
[2026-02-04T16:31:03.572] error: _get_joules_task: can't get info from slurmd
Warning messages:
1: In preparePathwaysAndStats(pathways, stats, minSize, maxSize, gseaParam,  :
  There are ties in the preranked stats (88.23% of the list).
The order of those tied genes will be arbitrary, which may produce unexpected results.
2: In preparePathwaysAndStats(pathways, stats, minSize, maxSize, gseaParam,  :
  There are duplicate gene names, fgsea may produce unexpected results.
