── Attaching core tidyverse packages ──────────────────────── tidyverse 2.0.0 ──
✔ dplyr     1.1.4     ✔ readr     2.1.4
✔ forcats   1.0.0     ✔ stringr   1.5.1
✔ ggplot2   4.0.1     ✔ tibble    3.2.1
✔ lubridate 1.9.3     ✔ tidyr     1.3.0
✔ purrr     1.0.2     
── Conflicts ────────────────────────────────────────── tidyverse_conflicts() ──
✖ dplyr::filter() masks stats::filter()
✖ dplyr::lag()    masks stats::lag()
ℹ Use the conflicted package (<http://conflicted.r-lib.org/>) to force all conflicts to become errors
[2026-02-04T11:20:14.336] error: slurm_get_node_energy: Socket timed out on send/recv operation
[2026-02-04T11:20:14.347] error: _get_joules_task: can't get info from slurmd
[2026-02-04T11:22:14.335] error: slurm_get_node_energy: Socket timed out on send/recv operation
[2026-02-04T11:22:14.346] error: _get_joules_task: can't get info from slurmd
[2026-02-04T11:24:14.335] error: slurm_get_node_energy: Socket timed out on send/recv operation
[2026-02-04T11:24:14.346] error: _get_joules_task: can't get info from slurmd
[2026-02-04T11:26:14.336] error: slurm_get_node_energy: Socket timed out on send/recv operation
[2026-02-04T11:26:14.347] error: _get_joules_task: can't get info from slurmd
[2026-02-04T11:28:14.336] error: slurm_get_node_energy: Socket timed out on send/recv operation
[2026-02-04T11:28:14.347] error: _get_joules_task: can't get info from slurmd
[2026-02-04T11:43:14.336] error: slurm_get_node_energy: Socket timed out on send/recv operation
[2026-02-04T11:43:14.347] error: _get_joules_task: can't get info from slurmd
[2026-02-04T11:45:14.336] error: slurm_get_node_energy: Socket timed out on send/recv operation
[2026-02-04T11:45:14.347] error: _get_joules_task: can't get info from slurmd
[2026-02-04T11:47:14.438] error: slurm_get_node_energy: Socket timed out on send/recv operation
[2026-02-04T11:47:14.449] error: _get_joules_task: can't get info from slurmd
[2026-02-04T13:07:09.200] error: *** JOB 46582686 ON sc003 CANCELLED AT 2026-02-04T13:07:09 DUE to SIGNAL Terminated ***
