── Attaching core tidyverse packages ──────────────────────── tidyverse 2.0.0 ──
✔ dplyr     1.1.4     ✔ readr     2.1.4
✔ forcats   1.0.0     ✔ stringr   1.5.1
✔ ggplot2   4.0.1     ✔ tibble    3.2.1
✔ lubridate 1.9.3     ✔ tidyr     1.3.0
✔ purrr     1.0.2     
── Conflicts ────────────────────────────────────────── tidyverse_conflicts() ──
✖ dplyr::filter() masks stats::filter()
✖ dplyr::lag()    masks stats::lag()
ℹ Use the conflicted package (<http://conflicted.r-lib.org/>) to force all conflicts to become errors
## number of individuals: 332 
## number of genes/sites: 2457 
## number of covariates: 2 
# fitting binomial mixed model ... 

warning: solve(): system is singular; attempting approx solution

warning: solve(): system is singular; attempting approx solution

warning: solve(): system is singular; attempting approx solution

warning: solve(): system is singular; attempting approx solution

warning: solve(): system is singular; attempting approx solution

warning: solve(): system is singular (rcond: 3.1598e-17); attempting approx solution

warning: solve(): system is singular (rcond: 1.92224e-17); attempting approx solution

warning: solve(): system is singular; attempting approx solution

warning: solve(): system is singular (rcond: 1.53076e-17); attempting approx solution

warning: solve(): system is singular (rcond: 1.8066e-17); attempting approx solution

warning: solve(): system is singular (rcond: 2.98439e-17); attempting approx solution

warning: solve(): system is singular (rcond: 3.58306e-17); attempting approx solution

warning: solve(): system is singular; attempting approx solution

warning: solve(): system is singular (rcond: 4.02826e-17); attempting approx solution

warning: solve(): system is singular; attempting approx solution

warning: solve(): system is singular; attempting approx solution

warning: solve(): system is singular; attempting approx solution

warning: solve(): system is singular (rcond: 2.10162e-17); attempting approx solution

warning: solve(): system is singular; attempting approx solution

warning: solve(): system is singular; attempting approx solution

warning: solve(): system is singular (rcond: 4.30317e-17); attempting approx solution

warning: solve(): system is singular (rcond: 4.19591e-17); attempting approx solution

warning: solve(): system is singular (rcond: 2.16333e-16); attempting approx solution

warning: solve(): system is singular (rcond: 1.9807e-17); attempting approx solution

warning: solve(): system is singular; attempting approx solution

warning: solve(): system is singular; attempting approx solution

warning: solve(): system is singular; attempting approx solution

warning: solve(): system is singular; attempting approx solution

warning: solve(): system is singular; attempting approx solution

warning: solve(): system is singular; attempting approx solution

warning: solve(): system is singular; attempting approx solution

warning: solve(): system is singular; attempting approx solution

warning: solve(): system is singular; attempting approx solution

warning: solve(): system is singular; attempting approx solution

warning: solve(): system is singular; attempting approx solution

warning: solve(): system is singular; attempting approx solution

warning: solve(): system is singular; attempting approx solution

warning: solve(): system is singular; attempting approx solution

warning: solve(): system is singular; attempting approx solution

warning: solve(): system is singular; attempting approx solution

warning: solve(): system is singular; attempting approx solution

warning: solve(): system is singular; attempting approx solution
## number of individuals: 332 
## number of genes/sites: 2457 
## number of covariates: 3 
# fitting binomial mixed model ... 

warning: solve(): system is singular; attempting approx solution

warning: solve(): system is singular; attempting approx solution

warning: solve(): system is singular; attempting approx solution

warning: solve(): system is singular; attempting approx solution

warning: solve(): system is singular; attempting approx solution

warning: solve(): system is singular; attempting approx solution

warning: solve(): system is singular; attempting approx solution

warning: solve(): system is singular; attempting approx solution

warning: solve(): system is singular; attempting approx solution

warning: solve(): system is singular; attempting approx solution

warning: solve(): system is singular; attempting approx solution

warning: solve(): system is singular; attempting approx solution

warning: solve(): system is singular; attempting approx solution

warning: solve(): system is singular; attempting approx solution

warning: solve(): system is singular; attempting approx solution

warning: solve(): system is singular; attempting approx solution

warning: solve(): system is singular; attempting approx solution

warning: solve(): system is singular; attempting approx solution

warning: solve(): system is singular; attempting approx solution

warning: solve(): system is singular; attempting approx solution

warning: solve(): system is singular; attempting approx solution
